era B
+-------+------+-------+-------+-------------------+------------------+
| nfill | nrun | nls   | ncms  | totdelivered(/pb) | totrecorded(/pb) |
+-------+------+-------+-------+-------------------+------------------+
| 34    | 103  | 49169 | 49165 | 5211.761          | 5003.286         |
+-------+------+-------+-------+-------------------+------------------+
era C
+-------+------+------+------+-------------------+------------------+
| nfill | nrun | nls  | ncms | totdelivered(/pb) | totrecorded(/pb) |
+-------+------+------+------+-------------------+------------------+
| 9     | 36   | 3800 | 3800 | 580.380           | 555.460          |
+-------+------+------+------+-------------------+------------------+
eraD
+-------+------+-------+-------+-------------------+------------------+
| nfill | nrun | nls   | ncms  | totdelivered(/pb) | totrecorded(/pb) |
+-------+------+-------+-------+-------------------+------------------+
| 10    | 36   | 10800 | 10800 | 1629.252          | 1567.898         |
+-------+------+-------+-------+-------------------+------------------+
eraE
+-------+------+-------+-------+-------------------+------------------+
| nfill | nrun | nls   | ncms  | totdelivered(/pb) | totrecorded(/pb) |
+-------+------+-------+-------+-------------------+------------------+
| 13    | 28   | 17050 | 17050 | 2864.407          | 2723.460         |
+-------+------+-------+-------+-------------------+------------------+
eraF
+-------+------+-------+-------+-------------------+------------------+
| nfill | nrun | nls   | ncms  | totdelivered(/pb) | totrecorded(/pb) |
+-------+------+-------+-------+-------------------+------------------+
| 14    | 32   | 17629 | 17629 | 3192.794          | 3020.238         |
+-------+------+-------+-------+-------------------+------------------+
eraG
+-------+------+-------+-------+-------------------+------------------+
| nfill | nrun | nls   | ncms  | totdelivered(/pb) | totrecorded(/pb) |
+-------+------+-------+-------+-------------------+------------------+
| 32    | 70   | 39382 | 39382 | 7170.607          | 6909.203         |
+-------+------+-------+-------+-------------------+------------------+
eraH_v2
-------+------+-------+-------+-------------------+------------------+
 nfill | nrun | nls   | ncms  | totdelivered(/pb) | totrecorded(/pb) |
-------+------+-------+-------+-------------------+------------------+
 32    | 77   | 45706 | 45706 | 8785.901          | 8457.077         |
-------+------+-------+-------+-------------------+------------------+
eraH_v3
+-------+------+------+------+-------------------+------------------+
| nfill | nrun | nls  | ncms | totdelivered(/pb) | totrecorded(/pb) |
+-------+------+------+------+-------------------+------------------+
| 1     | 9    | 1227 | 1227 | 225.010           | 216.594          |
+-------+------+------+------+-------------------+------------------+
TOTAL  28.45293
+-------+------+-------+-------+-------------------+------------------+
| nfill | nrun | nls   | ncms  | totdelivered(/fb) | totrecorded(/fb) |
+-------+------+-------+-------+-------------------+------------------+
| 145   | 391  |343433 |343429 | 29.660112         | 28.4529          |
+-------+------+-------+-------+-------------------+------------------+

